#
# A fatal error has been detected by the Java Runtime Environment:
#
#  EXCEPTION_ACCESS_VIOLATION (0xc0000005) at pc=0x000000007517fed0, pid=12244, tid=0x00000000000022a4
#
# JRE version: Java(TM) SE Runtime Environment (8.0_152-b16) (build 1.8.0_152-b16)
# Java VM: Java HotSpot(TM) 64-Bit Server VM (25.152-b16 mixed mode windows-amd64 compressed oops)
# Problematic frame:
# V  [jvm.dll+0xafed0]
#
# Failed to write core dump. Minidumps are not enabled by default on client versions of Windows
#
# If you would like to submit a bug report, please visit:
#   http://bugreport.java.com/bugreport/crash.jsp
#

---------------  T H R E A D  ---------------

Current thread (0x00000000043fc000):  GCTaskThread [stack: 0x0000000013e10000,0x0000000013f10000] [id=8868]

siginfo: ExceptionCode=0xc0000005, reading address 0x0000000003980368

Registers:
RAX=0x0000000000000001, RBX=0x00000000f846c158, RCX=0x00000000f846c158, RDX=0x0000000003980360
RSP=0x0000000013f0f308, RBP=0x00000000138a9d01, RSI=0x0000000016b75380, RDI=0x00000000c1393010
R8 =0x0000000016b75380, R9 =0x00000000ffb853c0, R10=0x000000000000000c, R11=0x000000000000000c
R12=0x00000000138a9c97, R13=0x0069007400550065, R14=0x0000000000000000, R15=0x00000000043f2fd0
RIP=0x000000007517fed0, EFLAGS=0x0000000000010206

Top of Stack: (sp=0x0000000013f0f308)
0x0000000013f0f308:   00000000754d16c2 00000000f84ebce8
0x0000000013f0f318:   0000000016b75380 0000000016b75380
0x0000000013f0f328:   00000000754ce915 00000000ffb827c8
0x0000000013f0f338:   00000000754d1e0b 00000000c942a7a0
0x0000000013f0f348:   0000000000000400 0000000000000000
0x0000000013f0f358:   0000000016b75300 00000000138a9c97
0x0000000013f0f368:   00000000754d1a30 00000000ffb86a34
0x0000000013f0f378:   00000000138a9d01 0000000016b75380
0x0000000013f0f388:   00000000c1393010 00000000ffb86a34
0x0000000013f0f398:   00000000754d25d5 00000000f852f188
0x0000000013f0f3a8:   00000000138a9d01 0000000016b75380
0x0000000013f0f3b8:   0000000000000004 0000000016b75380
0x0000000013f0f3c8:   0000000075208bc8 0000000000000000
0x0000000013f0f3d8:   00000000751e4ff7 0000000016b75380
0x0000000013f0f3e8:   00000000751e31b3 00000000c0e1d13d
0x0000000013f0f3f8:   00000000c0e1d13d 00000000c1392fb0 

Instructions: (pc=0x000000007517fed0)
0x000000007517feb0:   1c bf 1d 00 48 8b 9c 24 d0 00 00 00 48 81 c4 c0
0x000000007517fec0:   00 00 00 5d c3 cc cc cc cc cc cc cc cc cc cc cc
0x000000007517fed0:   44 8b 42 08 4c 8b ca 45 85 c0 7e 0e 41 f6 c0 01
0x000000007517fee0:   75 57 41 c1 f8 03 41 8b c0 c3 79 4d 80 3d ee 15 


Register to memory mapping:

RAX=0x0000000000000001 is an unknown value
RBX=0x00000000f846c158 is an oop

[error occurred during error reporting (printing register info), id 0xc0000005]

Stack: [0x0000000013e10000,0x0000000013f10000],  sp=0x0000000013f0f308,  free space=1020k
Native frames: (J=compiled Java code, j=interpreted, Vv=VM code, C=native code)
V  [jvm.dll+0xafed0]


---------------  P R O C E S S  ---------------

Java Threads: ( => current thread )
  0x00000000187ea800 JavaThread "pool-3-thread-1" [_thread_blocked, id=12080, stack(0x0000000018c20000,0x0000000018d20000)]
  0x00000000187e8000 JavaThread "pool-2-thread-1" [_thread_blocked, id=11440, stack(0x0000000018b20000,0x0000000018c20000)]
  0x0000000016c0d800 JavaThread "Service Thread" daemon [_thread_blocked, id=9960, stack(0x0000000018920000,0x0000000018a20000)]
  0x0000000016bb8000 JavaThread "C1 CompilerThread2" daemon [_thread_blocked, id=8380, stack(0x0000000018420000,0x0000000018520000)]
  0x0000000016bb5000 JavaThread "C2 CompilerThread1" daemon [_thread_blocked, id=9612, stack(0x0000000018320000,0x0000000018420000)]
  0x0000000016baf000 JavaThread "C2 CompilerThread0" daemon [_thread_in_native, id=8728, stack(0x0000000018220000,0x0000000018320000)]
  0x0000000016bad800 JavaThread "Attach Listener" daemon [_thread_blocked, id=5776, stack(0x0000000018120000,0x0000000018220000)]
  0x0000000016bac800 JavaThread "Signal Dispatcher" daemon [_thread_blocked, id=12140, stack(0x0000000018020000,0x0000000018120000)]
  0x0000000016b99000 JavaThread "Finalizer" daemon [_thread_blocked, id=12100, stack(0x0000000017e20000,0x0000000017f20000)]
  0x00000000044d4000 JavaThread "Reference Handler" daemon [_thread_blocked, id=1152, stack(0x0000000017d20000,0x0000000017e20000)]
  0x00000000043e2800 JavaThread "main" [_thread_blocked, id=9588, stack(0x00000000042e0000,0x00000000043e0000)]

Other Threads:
  0x0000000016b77000 VMThread [stack: 0x0000000017c20000,0x0000000017d20000] [id=9700]
  0x0000000016c0e800 WatcherThread [stack: 0x0000000018a20000,0x0000000018b20000] [id=10828]

=>0x00000000043fc000 (exited) GCTaskThread [stack: 0x0000000013e10000,0x0000000013f10000] [id=8868]

VM state:at safepoint (normal execution)

VM Mutex/Monitor currently owned by a thread:  ([mutex/lock_event])
[0x000000000005e330] Threads_lock - owner thread: 0x0000000016b77000
[0x000000000005e3b0] Heap_lock - owner thread: 0x00000000043e2800

Heap:
 PSYoungGen      total 286720K, used 286707K [0x00000000eab00000, 0x0000000100000000, 0x0000000100000000)
  eden space 224256K, 100% used [0x00000000eab00000,0x00000000f8600000,0x00000000f8600000)
  from space 62464K, 99% used [0x00000000f8600000,0x00000000fc2fcf80,0x00000000fc300000)
  to   space 62464K, 98% used [0x00000000fc300000,0x00000000fff2caf8,0x0000000100000000)
 ParOldGen       total 172544K, used 157213K [0x00000000c0000000, 0x00000000ca880000, 0x00000000eab00000)
  object space 172544K, 91% used [0x00000000c0000000,0x00000000c99877c0,0x00000000ca880000)
 Metaspace       used 6865K, capacity 7384K, committed 7680K, reserved 1056768K
  class space    used 648K, capacity 656K, committed 768K, reserved 1048576K

Card table byte_map: [0x00000000138a0000,0x0000000013ab0000] byte_map_base: 0x00000000132a0000

Marking Bits: (ParMarkBitMap*) 0x00000000758f0860
 Begin Bits: [0x0000000014010000, 0x0000000015010000)
 End Bits:   [0x0000000015010000, 0x0000000016010000)

Polling page: 0x0000000002560000

CodeCache: size=245760Kb used=11654Kb max_used=11660Kb free=234105Kb
 bounds [0x00000000044e0000, 0x0000000005050000, 0x00000000134e0000]
 total_blobs=2772 nmethods=2499 adapters=185
 compilation: enabled

Compilation events (10 events):
Event: 6.105 Thread 0x0000000016bb5000 nmethod 2582 0x0000000005036ed0 code [0x0000000005037100, 0x0000000005037bf0]
Event: 6.105 Thread 0x0000000016bb5000 2545 %     4       com.android.dx.ssa.Dominators::run @ 89 (506 bytes)
Event: 6.128 Thread 0x0000000016bb8000 2590       2       com.android.dx.rop.code.ThrowingCstInsn::withAddedCatch (34 bytes)
Event: 6.128 Thread 0x0000000016bb8000 nmethod 2590 0x0000000005036a50 code [0x0000000005036bc0, 0x0000000005036df8]
Event: 6.142 Thread 0x0000000016bb5000 nmethod 2545% 0x000000000504a2d0 code [0x000000000504a520, 0x000000000504ba18]
Event: 6.142 Thread 0x0000000016bb5000 2588 %     4       com.android.dx.ssa.SsaConverter::placePhiFunctions @ 264 (394 bytes)
Event: 6.145 Thread 0x0000000016bb8000 2591       2       com.android.dx.ssa.LiteralOpUpgrader$1::visitNonMoveInsn (203 bytes)
Event: 6.146 Thread 0x0000000016bb8000 nmethod 2591 0x0000000005039f90 code [0x000000000503a2e0, 0x000000000503b128]
Event: 6.146 Thread 0x0000000016bb8000 2592       2       com.android.dx.ssa.LiteralOpUpgrader::access$000 (6 bytes)
Event: 6.146 Thread 0x0000000016bb8000 nmethod 2592 0x0000000005039bd0 code [0x0000000005039d40, 0x0000000005039ea8]

GC Heap History (10 events):
Event: 2.601 GC heap after
Heap after GC invocations=6 (full 0):
 PSYoungGen      total 286720K, used 25061K [0x00000000eab00000, 0x00000000fe900000, 0x0000000100000000)
  eden space 261632K, 0% used [0x00000000eab00000,0x00000000eab00000,0x00000000faa80000)
  from space 25088K, 99% used [0x00000000fc780000,0x00000000fdff94d0,0x00000000fe000000)
  to   space 29696K, 0% used [0x00000000faa80000,0x00000000faa80000,0x00000000fc780000)
 ParOldGen       total 87552K, used 46330K [0x00000000c0000000, 0x00000000c5580000, 0x00000000eab00000)
  object space 87552K, 52% used [0x00000000c0000000,0x00000000c2d3eb30,0x00000000c5580000)
 Metaspace       used 6789K, capacity 7384K, committed 7680K, reserved 1056768K
  class space    used 648K, capacity 656K, committed 768K, reserved 1048576K
}
Event: 3.233 GC heap before
{Heap before GC invocations=7 (full 0):
 PSYoungGen      total 286720K, used 286693K [0x00000000eab00000, 0x00000000fe900000, 0x0000000100000000)
  eden space 261632K, 100% used [0x00000000eab00000,0x00000000faa80000,0x00000000faa80000)
  from space 25088K, 99% used [0x00000000fc780000,0x00000000fdff94d0,0x00000000fe000000)
  to   space 29696K, 0% used [0x00000000faa80000,0x00000000faa80000,0x00000000fc780000)
 ParOldGen       total 87552K, used 46330K [0x00000000c0000000, 0x00000000c5580000, 0x00000000eab00000)
  object space 87552K, 52% used [0x00000000c0000000,0x00000000c2d3eb30,0x00000000c5580000)
 Metaspace       used 6796K, capacity 7384K, committed 7680K, reserved 1056768K
  class space    used 648K, capacity 656K, committed 768K, reserved 1048576K
Event: 3.296 GC heap after
Heap after GC invocations=7 (full 0):
 PSYoungGen      total 291328K, used 29672K [0x00000000eab00000, 0x0000000100000000, 0x0000000100000000)
  eden space 261632K, 0% used [0x00000000eab00000,0x00000000eab00000,0x00000000faa80000)
  from space 29696K, 99% used [0x00000000faa80000,0x00000000fc77a2a8,0x00000000fc780000)
  to   space 49664K, 0% used [0x00000000fcf80000,0x00000000fcf80000,0x0000000100000000)
 ParOldGen       total 87552K, used 76847K [0x00000000c0000000, 0x00000000c5580000, 0x00000000eab00000)
  object space 87552K, 87% used [0x00000000c0000000,0x00000000c4b0bc70,0x00000000c5580000)
 Metaspace       used 6796K, capacity 7384K, committed 7680K, reserved 1056768K
  class space    used 648K, capacity 656K, committed 768K, reserved 1048576K
}
Event: 3.296 GC heap before
{Heap before GC invocations=8 (full 1):
 PSYoungGen      total 291328K, used 29672K [0x00000000eab00000, 0x0000000100000000, 0x0000000100000000)
  eden space 261632K, 0% used [0x00000000eab00000,0x00000000eab00000,0x00000000faa80000)
  from space 29696K, 99% used [0x00000000faa80000,0x00000000fc77a2a8,0x00000000fc780000)
  to   space 49664K, 0% used [0x00000000fcf80000,0x00000000fcf80000,0x0000000100000000)
 ParOldGen       total 87552K, used 76847K [0x00000000c0000000, 0x00000000c5580000, 0x00000000eab00000)
  object space 87552K, 87% used [0x00000000c0000000,0x00000000c4b0bc70,0x00000000c5580000)
 Metaspace       used 6796K, capacity 7384K, committed 7680K, reserved 1056768K
  class space    used 648K, capacity 656K, committed 768K, reserved 1048576K
Event: 3.744 GC heap after
Heap after GC invocations=8 (full 1):
 PSYoungGen      total 291328K, used 13749K [0x00000000eab00000, 0x0000000100000000, 0x0000000100000000)
  eden space 261632K, 0% used [0x00000000eab00000,0x00000000eab00000,0x00000000faa80000)
  from space 29696K, 46% used [0x00000000faa80000,0x00000000fb7ed520,0x00000000fc780000)
  to   space 49664K, 0% used [0x00000000fcf80000,0x00000000fcf80000,0x0000000100000000)
 ParOldGen       total 172544K, used 87306K [0x00000000c0000000, 0x00000000ca880000, 0x00000000eab00000)
  object space 172544K, 50% used [0x00000000c0000000,0x00000000c5542898,0x00000000ca880000)
 Metaspace       used 6796K, capacity 7384K, committed 7680K, reserved 1056768K
  class space    used 648K, capacity 656K, committed 768K, reserved 1048576K
}
Event: 4.751 GC heap before
{Heap before GC invocations=9 (full 1):
 PSYoungGen      total 291328K, used 275381K [0x00000000eab00000, 0x0000000100000000, 0x0000000100000000)
  eden space 261632K, 100% used [0x00000000eab00000,0x00000000faa80000,0x00000000faa80000)
  from space 29696K, 46% used [0x00000000faa80000,0x00000000fb7ed520,0x00000000fc780000)
  to   space 49664K, 0% used [0x00000000fcf80000,0x00000000fcf80000,0x0000000100000000)
 ParOldGen       total 172544K, used 87306K [0x00000000c0000000, 0x00000000ca880000, 0x00000000eab00000)
  object space 172544K, 50% used [0x00000000c0000000,0x00000000c5542898,0x00000000ca880000)
 Metaspace       used 6846K, capacity 7384K, committed 7680K, reserved 1056768K
  class space    used 648K, capacity 656K, committed 768K, reserved 1048576K
Event: 4.835 GC heap after
Heap after GC invocations=9 (full 1):
 PSYoungGen      total 273920K, used 49662K [0x00000000eab00000, 0x0000000100000000, 0x0000000100000000)
  eden space 224256K, 0% used [0x00000000eab00000,0x00000000eab00000,0x00000000f8600000)
  from space 49664K, 99% used [0x00000000fcf80000,0x00000000fffff9d8,0x0000000100000000)
  to   space 62464K, 0% used [0x00000000f8600000,0x00000000f8600000,0x00000000fc300000)
 ParOldGen       total 172544K, used 96657K [0x00000000c0000000, 0x00000000ca880000, 0x00000000eab00000)
  object space 172544K, 56% used [0x00000000c0000000,0x00000000c5e644e8,0x00000000ca880000)
 Metaspace       used 6846K, capacity 7384K, committed 7680K, reserved 1056768K
  class space    used 648K, capacity 656K, committed 768K, reserved 1048576K
}
Event: 5.347 GC heap before
{Heap before GC invocations=10 (full 1):
 PSYoungGen      total 273920K, used 273918K [0x00000000eab00000, 0x0000000100000000, 0x0000000100000000)
  eden space 224256K, 100% used [0x00000000eab00000,0x00000000f8600000,0x00000000f8600000)
  from space 49664K, 99% used [0x00000000fcf80000,0x00000000fffff9d8,0x0000000100000000)
  to   space 62464K, 0% used [0x00000000f8600000,0x00000000f8600000,0x00000000fc300000)
 ParOldGen       total 172544K, used 96657K [0x00000000c0000000, 0x00000000ca880000, 0x00000000eab00000)
  object space 172544K, 56% used [0x00000000c0000000,0x00000000c5e644e8,0x00000000ca880000)
 Metaspace       used 6848K, capacity 7384K, committed 7680K, reserved 1056768K
  class space    used 648K, capacity 656K, committed 768K, reserved 1048576K
Event: 5.474 GC heap after
Heap after GC invocations=10 (full 1):
 PSYoungGen      total 286720K, used 62451K [0x00000000eab00000, 0x0000000100000000, 0x0000000100000000)
  eden space 224256K, 0% used [0x00000000eab00000,0x00000000eab00000,0x00000000f8600000)
  from space 62464K, 99% used [0x00000000f8600000,0x00000000fc2fcf80,0x00000000fc300000)
  to   space 62464K, 0% used [0x00000000fc300000,0x00000000fc300000,0x0000000100000000)
 ParOldGen       total 172544K, used 127311K [0x00000000c0000000, 0x00000000ca880000, 0x00000000eab00000)
  object space 172544K, 73% used [0x00000000c0000000,0x00000000c7c53fb0,0x00000000ca880000)
 Metaspace       used 6848K, capacity 7384K, committed 7680K, reserved 1056768K
  class space    used 648K, capacity 656K, committed 768K, reserved 1048576K
}
Event: 6.153 GC heap before
{Heap before GC invocations=11 (full 1):
 PSYoungGen      total 286720K, used 286707K [0x00000000eab00000, 0x0000000100000000, 0x0000000100000000)
  eden space 224256K, 100% used [0x00000000eab00000,0x00000000f8600000,0x00000000f8600000)
  from space 62464K, 99% used [0x00000000f8600000,0x00000000fc2fcf80,0x00000000fc300000)
  to   space 62464K, 0% used [0x00000000fc300000,0x00000000fc300000,0x0000000100000000)
 ParOldGen       total 172544K, used 127311K [0x00000000c0000000, 0x00000000ca880000, 0x00000000eab00000)
  object space 172544K, 73% used [0x00000000c0000000,0x00000000c7c53fb0,0x00000000ca880000)
 Metaspace       used 6865K, capacity 7384K, committed 7680K, reserved 1056768K
  class space    used 648K, capacity 656K, committed 768K, reserved 1048576K

Deoptimization events (10 events):
Event: 5.498 Thread 0x00000000043e2800 Uncommon trap: reason=unstable_if action=reinterpret pc=0x0000000004f5ea0c method=com.android.dx.dex.code.RopTranslator.pickOrder()V @ 279
Event: 5.858 Thread 0x00000000043e2800 Uncommon trap: reason=unstable_if action=reinterpret pc=0x0000000004d7635c method=java.util.HashMap.putVal(ILjava/lang/Object;Ljava/lang/Object;ZZ)Ljava/lang/Object; @ 109
Event: 5.943 Thread 0x00000000043e2800 Uncommon trap: reason=class_check action=maybe_recompile pc=0x0000000004f87e70 method=com.android.dx.ssa.SCCP.simulateBranch(Lcom/android/dx/ssa/SsaInsn;)V @ 145
Event: 5.943 Thread 0x00000000043e2800 Uncommon trap: reason=class_check action=maybe_recompile pc=0x0000000004f87e70 method=com.android.dx.ssa.SCCP.simulateBranch(Lcom/android/dx/ssa/SsaInsn;)V @ 145
Event: 5.943 Thread 0x00000000043e2800 Uncommon trap: reason=class_check action=maybe_recompile pc=0x0000000004f87e70 method=com.android.dx.ssa.SCCP.simulateBranch(Lcom/android/dx/ssa/SsaInsn;)V @ 145
Event: 5.959 Thread 0x00000000187e8000 Uncommon trap: reason=unstable_if action=reinterpret pc=0x0000000004de4ed4 method=java.util.BitSet.nextClearBit(I)I @ 70
Event: 5.963 Thread 0x00000000187e8000 Uncommon trap: reason=unstable_if action=reinterpret pc=0x0000000004dc1714 method=java.util.BitSet.set(II)V @ 48
Event: 6.144 Thread 0x00000000043e2800 Uncommon trap: reason=bimorphic action=maybe_recompile pc=0x0000000004c05354 method=com.android.dx.ssa.LiteralOpUpgrader.tryReplacingWithConstant(Lcom/android/dx/ssa/NormalSsaInsn;)Z @ 62
Event: 6.145 Thread 0x00000000043e2800 Uncommon trap: reason=unstable_if action=reinterpret pc=0x0000000004c41a40 method=com.android.dx.ssa.LiteralOpUpgrader$1.visitNonMoveInsn(Lcom/android/dx/ssa/NormalSsaInsn;)V @ 24
Event: 6.148 Thread 0x00000000043e2800 Uncommon trap: reason=bimorphic action=maybe_recompile pc=0x0000000004c05354 method=com.android.dx.ssa.LiteralOpUpgrader.tryReplacingWithConstant(Lcom/android/dx/ssa/NormalSsaInsn;)Z @ 62

Classes redefined (0 events):
No events

Internal exceptions (10 events):
Event: 0.026 Thread 0x00000000043e2800 Exception <a 'java/lang/NoSuchMethodError': Method sun.misc.Unsafe.defineClass(Ljava/lang/String;[BII)Ljava/lang/Class; name or signature does not match> (0x00000000eab07ca8) thrown at [C:\re\workspace\8-2-build-windows-amd64-cygwin\jdk8u152\9742\hotspot\
Event: 0.026 Thread 0x00000000043e2800 Exception <a 'java/lang/NoSuchMethodError': Method sun.misc.Unsafe.prefetchRead(Ljava/lang/Object;J)V name or signature does not match> (0x00000000eab07f90) thrown at [C:\re\workspace\8-2-build-windows-amd64-cygwin\jdk8u152\9742\hotspot\src\share\vm\prims
Event: 0.491 Thread 0x00000000043e2800 Implicit null exception at 0x00000000047d6062 to 0x00000000047d6152
Event: 1.397 Thread 0x00000000043e2800 Exception <a 'java/lang/ArrayIndexOutOfBoundsException': 18> (0x00000000ed93ed38) thrown at [C:\re\workspace\8-2-build-windows-amd64-cygwin\jdk8u152\9742\hotspot\src\share\vm\interpreter\interpreterRuntime.cpp, line 366]
Event: 1.397 Thread 0x00000000043e2800 Exception <a 'java/lang/ArrayIndexOutOfBoundsException'> (0x00000000ed9408b8) thrown at [C:\re\workspace\8-2-build-windows-amd64-cygwin\jdk8u152\9742\hotspot\src\share\vm\runtime\sharedRuntime.cpp, line 605]
Event: 1.398 Thread 0x00000000043e2800 Exception <a 'java/lang/ArrayIndexOutOfBoundsException'> (0x00000000ed941ba0) thrown at [C:\re\workspace\8-2-build-windows-amd64-cygwin\jdk8u152\9742\hotspot\src\share\vm\runtime\sharedRuntime.cpp, line 605]
Event: 2.321 Thread 0x00000000187e8000 Implicit null exception at 0x0000000004dca1d8 to 0x0000000004dca4c5
Event: 2.322 Thread 0x00000000187e8000 Implicit null exception at 0x0000000004de79e7 to 0x0000000004de7b69
Event: 2.322 Thread 0x00000000187e8000 Implicit null exception at 0x0000000004bde253 to 0x0000000004bde3bd
Event: 2.322 Thread 0x00000000187e8000 Implicit null exception at 0x0000000004c91f63 to 0x0000000004c936a1

Events (10 events):
Event: 6.144 Thread 0x00000000043e2800 Uncommon trap: trap_request=0xffffffc6 fr.pc=0x0000000004c05354
Event: 6.144 Thread 0x00000000043e2800 DEOPT PACKING pc=0x0000000004c05354 sp=0x00000000043de400
Event: 6.144 Thread 0x00000000043e2800 DEOPT UNPACKING pc=0x000000000452582a sp=0x00000000043de3a0 mode 2
Event: 6.145 Thread 0x00000000043e2800 Uncommon trap: trap_request=0xffffff65 fr.pc=0x0000000004c41a40
Event: 6.145 Thread 0x00000000043e2800 DEOPT PACKING pc=0x0000000004c41a40 sp=0x00000000043de470
Event: 6.145 Thread 0x00000000043e2800 DEOPT UNPACKING pc=0x000000000452582a sp=0x00000000043de420 mode 2
Event: 6.148 Thread 0x00000000043e2800 Uncommon trap: trap_request=0xffffffc6 fr.pc=0x0000000004c05354
Event: 6.148 Thread 0x00000000043e2800 DEOPT PACKING pc=0x0000000004c05354 sp=0x00000000043de240
Event: 6.148 Thread 0x00000000043e2800 DEOPT UNPACKING pc=0x000000000452582a sp=0x00000000043de1e0 mode 2
Event: 6.153 Executing VM operation: ParallelGCFailedAllocation


Dynamic libraries:
0x00007ff6301c0000 - 0x00007ff6301f7000 	C:\Program Files\Java\jdk1.8.0_152\bin\java.exe
0x00007ffa7bf40000 - 0x00007ffa7c120000 	C:\WINDOWS\SYSTEM32\ntdll.dll
0x00007ffa7b900000 - 0x00007ffa7b9ae000 	C:\WINDOWS\System32\KERNEL32.DLL
0x00007ffa784e0000 - 0x00007ffa78746000 	C:\WINDOWS\System32\KERNELBASE.dll
0x00007ffa797c0000 - 0x00007ffa79861000 	C:\WINDOWS\System32\ADVAPI32.dll
0x00007ffa7b440000 - 0x00007ffa7b4dd000 	C:\WINDOWS\System32\msvcrt.dll
0x00007ffa79a70000 - 0x00007ffa79acb000 	C:\WINDOWS\System32\sechost.dll
0x00007ffa796a0000 - 0x00007ffa797bf000 	C:\WINDOWS\System32\RPCRT4.dll
0x00007ffa7bd70000 - 0x00007ffa7beff000 	C:\WINDOWS\System32\USER32.dll
0x00007ffa78440000 - 0x00007ffa78460000 	C:\WINDOWS\System32\win32u.dll
0x00007ffa7ba20000 - 0x00007ffa7ba48000 	C:\WINDOWS\System32\GDI32.dll
0x00007ffa78ad0000 - 0x00007ffa78c63000 	C:\WINDOWS\System32\gdi32full.dll
0x00007ffa78340000 - 0x00007ffa783db000 	C:\WINDOWS\System32\msvcp_win.dll
0x00007ffa789d0000 - 0x00007ffa78ac6000 	C:\WINDOWS\System32\ucrtbase.dll
0x00007ffa65b30000 - 0x00007ffa65d99000 	C:\WINDOWS\WinSxS\amd64_microsoft.windows.common-controls_6595b64144ccf1df_6.0.16299.125_none_15cbcf8893620c09\COMCTL32.dll
0x00007ffa7ba50000 - 0x00007ffa7bd58000 	C:\WINDOWS\System32\combase.dll
0x00007ffa78460000 - 0x00007ffa784d2000 	C:\WINDOWS\System32\bcryptPrimitives.dll
0x00007ffa79410000 - 0x00007ffa7943d000 	C:\WINDOWS\System32\IMM32.DLL
0x0000000050220000 - 0x00000000502f2000 	C:\Program Files\Java\jdk1.8.0_152\jre\bin\msvcr100.dll
0x00000000750d0000 - 0x0000000075970000 	C:\Program Files\Java\jdk1.8.0_152\jre\bin\server\jvm.dll
0x00007ffa79530000 - 0x00007ffa79538000 	C:\WINDOWS\System32\PSAPI.DLL
0x00007ffa6f620000 - 0x00007ffa6f629000 	C:\WINDOWS\SYSTEM32\WSOCK32.dll
0x00007ffa76410000 - 0x00007ffa76433000 	C:\WINDOWS\SYSTEM32\WINMM.dll
0x00007ffa718b0000 - 0x00007ffa718ba000 	C:\WINDOWS\SYSTEM32\VERSION.dll
0x00007ffa7b9b0000 - 0x00007ffa7ba1c000 	C:\WINDOWS\System32\WS2_32.dll
0x00007ffa763e0000 - 0x00007ffa7640a000 	C:\WINDOWS\SYSTEM32\winmmbase.dll
0x00007ffa793c0000 - 0x00007ffa7940a000 	C:\WINDOWS\System32\cfgmgr32.dll
0x0000000050210000 - 0x000000005021f000 	C:\Program Files\Java\jdk1.8.0_152\jre\bin\verify.dll
0x00000000501e0000 - 0x0000000050209000 	C:\Program Files\Java\jdk1.8.0_152\jre\bin\java.dll
0x00000000501c0000 - 0x00000000501d6000 	C:\Program Files\Java\jdk1.8.0_152\jre\bin\zip.dll
0x00007ffa79ad0000 - 0x00007ffa7af06000 	C:\WINDOWS\System32\SHELL32.dll
0x00007ffa799c0000 - 0x00007ffa79a66000 	C:\WINDOWS\System32\shcore.dll
0x00007ffa78c70000 - 0x00007ffa793b7000 	C:\WINDOWS\System32\windows.storage.dll
0x00007ffa7af10000 - 0x00007ffa7af61000 	C:\WINDOWS\System32\shlwapi.dll
0x00007ffa782b0000 - 0x00007ffa782c1000 	C:\WINDOWS\System32\kernel.appcore.dll
0x00007ffa782d0000 - 0x00007ffa7831c000 	C:\WINDOWS\System32\powrprof.dll
0x00007ffa78320000 - 0x00007ffa7833b000 	C:\WINDOWS\System32\profapi.dll
0x00007ffa6d180000 - 0x00007ffa6d348000 	C:\WINDOWS\SYSTEM32\dbghelp.dll

VM Arguments:
jvm_args: -Xmx1G 
java_command: C:\Program Files (x86)\Android\android-sdk\build-tools\27.0.2\\lib\dx.jar --dex --no-strict --multi-dex --main-dex-list=obj\Debug\multidex.keep --output obj\Debug\android\bin E:\ProjetosSSAT\Family\Droid\obj\Debug\android\bin\classes\classes.zip C:\Program Files (x86)\Microsoft Visual Studio\2017\Enterprise\Common7\IDE\ReferenceAssemblies\Microsoft\Framework\MonoAndroid\v8.0\mono.android.jar C:\Program Files (x86)\Microsoft Visual Studio\2017\Enterprise\MSBuild\Xamarin\Android\android-support-multidex.jar obj\Debug\lp\11\jl\bin\classes.jar obj\Debug\lp\18\jl\arch-core-common.jar obj\Debug\lp\19\jl\arch-lifecycle-common.jar obj\Debug\lp\20\jl\bin\classes.jar obj\Debug\lp\21\jl\bin\classes.jar obj\Debug\lp\23\jl\bin\classes.jar obj\Debug\lp\24\jl\bin\classes.jar obj\Debug\lp\25\jl\bin\classes.jar obj\Debug\lp\26\jl\bin\classes.jar obj\Debug\lp\27\jl\bin\classes.jar obj\Debug\lp\28\jl\bin\classes.jar obj\Debug\lp\29\jl\bin\classes.jar obj\Debug\lp\3\jl\formsviewgroup.jar obj\Debug\lp\30\jl\bin\classes.jar obj\Debug\lp\31\jl\bin\classes.jar obj\Debug\lp\32\jl\bin\classes.jar obj\Debug\lp\33\jl\bin\classes.jar obj\Debug\lp\34\jl\bin\classes.jar obj\Debug\lp\35\jl\bin\classes.jar obj\Debug\lp\36\jl\bin\classes.jar obj\Debug\lp\4\jl\bin\classes.jar obj\Debug\lp\43\jl\classes.jar obj\Debug\lp\44\jl\classes.jar obj\Debug\lp\45\jl\classes.jar obj\Debug\lp\46\jl\classes.jar obj\Debug\lp\47\jl\classes.jar obj\Debug\lp\48\jl\classes.jar obj\Debug\lp\6\jl\bin\classes.jar obj\Debug\lp\7\jl\bin\classes.jar
java_class_path (initial): C:\Program Files (x86)\Android\android-sdk\build-tools\27.0.2\\lib\dx.jar
Launcher Type: SUN_STANDARD

Environment Variables:
PATH=C:\Program Files\Java\jdk1.8.0_152\bin;C:\WINDOWS\system32;C:\WINDOWS;C:\WINDOWS\System32\Wbem;C:\WINDOWS\System32\WindowsPowerShell\v1.0\;C:\Program Files (x86)\ATI Technologies\ATI.ACE\Core-Static;C:\Program Files\Microsoft SQL Server\120\Tools\Binn\;C:\Program Files\Microsoft SQL Server\130\Tools\Binn\;C:\Program Files (x86)\nodejs\;C:\Program Files\dotnet\;C:\Program Files\Git\cmd;C:\Program Files (x86)\Skype\Phone\;C:\Users\Alexandre.Gois\AppData\Local\Microsoft\WindowsApps
USERNAME=Alexandre.Gois
OS=Windows_NT
PROCESSOR_IDENTIFIER=Intel64 Family 6 Model 58 Stepping 9, GenuineIntel



---------------  S Y S T E M  ---------------

OS: Windows 10.0 , 64 bit Build 16299 (10.0.16299.15)

CPU:total 4 (initial active 4) (4 cores per cpu, 1 threads per core) family 6 model 58 stepping 9, cmov, cx8, fxsr, mmx, sse, sse2, sse3, ssse3, sse4.1, sse4.2, popcnt, avx, aes, clmul, erms, tsc, tscinvbit, tscinv

Memory: 4k page, physical 8333444k(1737460k free), swap 12418488k(1431668k free)

vm_info: Java HotSpot(TM) 64-Bit Server VM (25.152-b16) for windows-amd64 JRE (1.8.0_152-b16), built on Sep 14 2017 02:29:36 by "java_re" with MS VC++ 10.0 (VS2010)

time: Wed Jan 03 14:11:02 2018
elapsed time: 6 seconds (0d 0h 0m 6s)

