#
# A fatal error has been detected by the Java Runtime Environment:
#
#  EXCEPTION_ACCESS_VIOLATION (0xc0000005) at pc=0x000000005ab6ab88, pid=14880, tid=0x0000000000002b80
#
# JRE version: Java(TM) SE Runtime Environment (8.0_152-b16) (build 1.8.0_152-b16)
# Java VM: Java HotSpot(TM) 64-Bit Server VM (25.152-b16 mixed mode windows-amd64 compressed oops)
# Problematic frame:
# V  [jvm.dll+0x13ab88]
#
# Failed to write core dump. Minidumps are not enabled by default on client versions of Windows
#
# If you would like to submit a bug report, please visit:
#   http://bugreport.java.com/bugreport/crash.jsp
#

---------------  T H R E A D  ---------------

Current thread (0x0000000004bdd800):  GCTaskThread [stack: 0x0000000014780000,0x0000000014880000] [id=11136]

siginfo: ExceptionCode=0xc0000005, reading address 0xffffffffffffffff

Registers:
RAX=0x0000000014880000, RBX=0x000000000000000a, RCX=0x0000000000000000, RDX=0x0000000000000028
RSP=0x000000001487f8f0, RBP=0x0000000004cadf70, RSI=0x00000000c14ef28c, RDI=0x0000000020006d40
R8 =0x007fffffffb00036, R9 =0x0000000000000000, R10=0x000000000000000c, R11=0x0000000000000000
R12=0x00000000c14ef38c, R13=0x0000000000000041, R14=0x00000000c14ef278, R15=0x0000000000000041
RIP=0x000000005ab6ab88, EFLAGS=0x0000000000010206

Top of Stack: (sp=0x000000001487f8f0)
0x000000001487f8f0:   00000000c14ef274 000000005ab44d06
0x000000001487f900:   00000000c14ef278 00000000c14ef270
0x000000001487f910:   0000000004cadf70 000000005ab6aca3
0x000000001487f920:   0000000000000000 0000000004bddf50
0x000000001487f930:   0000000004bce810 0000000000000000
0x000000001487f940:   000000000000000a 000000005ae28a50
0x000000001487f950:   0000000004cadf70 0000000000000003
0x000000001487f960:   000000005b086b48 000000005b086b48
0x000000001487f970:   00000000c1110f60 000000005ae2cb78
0x000000001487f980:   000000005b250860 0000000000000005
0x000000001487f990:   0000000000000000 0000000000000030
0x000000001487f9a0:   00000000c1138ab4 000000005ab44d06
0x000000001487f9b0:   00000000c1110f60 0000000004bce810
0x000000001487f9c0:   0000000004bddf60 0000000004bddf50
0x000000001487f9d0:   000000005b086b48 0000000000000003
0x000000001487f9e0:   000000001af633c0 0000000000000000 

Instructions: (pc=0x000000005ab6ab88)
0x000000005ab6ab68:   05 f3 5c 6e 00 49 c1 e8 03 49 d3 e8 41 0f b6 c0
0x000000005ab6ab78:   49 c1 e8 06 24 3f 0f b6 d0 48 8b 05 08 5d 6e 00
0x000000005ab6ab88:   4a 8b 0c c0 48 0f a3 d1 72 3e 48 8b cf e8 e6 0b
0x000000005ab6ab98:   fd ff 84 c0 74 32 48 8b d7 48 8b cd e8 47 da fc 


Register to memory mapping:

RAX=0x0000000014880000 is an unknown value
RBX=0x000000000000000a is an unknown value
RCX=0x0000000000000000 is an unknown value
RDX=0x0000000000000028 is an unknown value
RSP=0x000000001487f8f0 is an unknown value
RBP=0x0000000004cadf70 is an unknown value
RSI=0x00000000c14ef28c is pointing into object: 0x00000000c14ef278
[Lcom.android.dx.rop.cst.Constant; 
 - klass: 'com/android/dx/rop/cst/Constant'[]
 - length: 65
RDI=0x0000000020006d40 is an unknown value
R8 =0x007fffffffb00036 is an unknown value
R9 =0x0000000000000000 is an unknown value
R10=0x000000000000000c is an unknown value
R11=0x0000000000000000 is an unknown value
R12=0x00000000c14ef38c is pointing into object: 0x00000000c14ef278
[Lcom.android.dx.rop.cst.Constant; 
 - klass: 'com/android/dx/rop/cst/Constant'[]
 - length: 65
R13=0x0000000000000041 is an unknown value
R14=0x00000000c14ef278 is an oop
[Lcom.android.dx.rop.cst.Constant; 
 - klass: 'com/android/dx/rop/cst/Constant'[]
 - length: 65
R15=0x0000000000000041 is an unknown value


Stack: [0x0000000014780000,0x0000000014880000],  sp=0x000000001487f8f0,  free space=1022k
Native frames: (J=compiled Java code, j=interpreted, Vv=VM code, C=native code)
V  [jvm.dll+0x13ab88]
V  [jvm.dll+0x3f8a50]
V  [jvm.dll+0x3f63ff]
V  [jvm.dll+0x3f35ee]
V  [jvm.dll+0x29d0ba]
C  [msvcr100.dll+0x21d9f]
C  [msvcr100.dll+0x21e3b]
C  [KERNEL32.DLL+0x11fe4]
C  [ntdll.dll+0x6efb1]


---------------  P R O C E S S  ---------------

Java Threads: ( => current thread )
  0x000000001911a800 JavaThread "pool-3-thread-1" [_thread_blocked, id=16036, stack(0x0000000019d70000,0x0000000019e70000)]
  0x00000000190e5000 JavaThread "pool-2-thread-1" [_thread_blocked, id=14520, stack(0x0000000019c70000,0x0000000019d70000)]
  0x000000001747e800 JavaThread "Service Thread" daemon [_thread_blocked, id=15020, stack(0x0000000019270000,0x0000000019370000)]
  0x0000000017429000 JavaThread "C1 CompilerThread2" daemon [_thread_blocked, id=15308, stack(0x0000000018d70000,0x0000000018e70000)]
  0x0000000017425800 JavaThread "C2 CompilerThread1" daemon [_thread_blocked, id=15536, stack(0x0000000018c70000,0x0000000018d70000)]
  0x000000001741f800 JavaThread "C2 CompilerThread0" daemon [_thread_in_native, id=3084, stack(0x0000000018b70000,0x0000000018c70000)]
  0x000000001741e000 JavaThread "Attach Listener" daemon [_thread_blocked, id=2296, stack(0x0000000018a70000,0x0000000018b70000)]
  0x000000001741c800 JavaThread "Signal Dispatcher" daemon [_thread_blocked, id=9828, stack(0x0000000018970000,0x0000000018a70000)]
  0x0000000017409800 JavaThread "Finalizer" daemon [_thread_blocked, id=15736, stack(0x0000000018670000,0x0000000018770000)]
  0x0000000004cb4000 JavaThread "Reference Handler" daemon [_thread_blocked, id=16356, stack(0x0000000018570000,0x0000000018670000)]
  0x0000000004bc3000 JavaThread "main" [_thread_blocked, id=5988, stack(0x0000000004a40000,0x0000000004b40000)]

Other Threads:
  0x00000000173e7000 VMThread [stack: 0x0000000018470000,0x0000000018570000] [id=14680]
  0x0000000018eb7800 WatcherThread [stack: 0x0000000019370000,0x0000000019470000] [id=5828]

=>0x0000000004bdd800 (exited) GCTaskThread [stack: 0x0000000014780000,0x0000000014880000] [id=11136]

VM state:at safepoint (normal execution)

VM Mutex/Monitor currently owned by a thread:  ([mutex/lock_event])
[0x0000000004d4e680] Threads_lock - owner thread: 0x00000000173e7000
[0x0000000004d4da80] Heap_lock - owner thread: 0x00000000190e5000

Heap:
 PSYoungGen      total 290304K, used 36322K [0x00000000eab00000, 0x0000000100000000, 0x0000000100000000)
  eden space 253952K, 0% used [0x00000000eab00000,0x00000000eab00000,0x00000000fa300000)
  from space 36352K, 99% used [0x00000000fa300000,0x00000000fc678b80,0x00000000fc680000)
  to   space 53248K, 0% used [0x00000000fcc00000,0x00000000fcc00000,0x0000000100000000)
 ParOldGen       total 87552K, used 72318K [0x00000000c0000000, 0x00000000c5580000, 0x00000000eab00000)
  object space 87552K, 82% used [0x00000000c0000000,0x00000000c469f848,0x00000000c5580000)
 Metaspace       used 6818K, capacity 7384K, committed 7680K, reserved 1056768K
  class space    used 648K, capacity 656K, committed 768K, reserved 1048576K

Card table byte_map: [0x0000000014110000,0x0000000014320000] byte_map_base: 0x0000000013b10000

Marking Bits: (ParMarkBitMap*) 0x000000005b250860
 Begin Bits: [0x0000000014880000, 0x0000000015880000)
 End Bits:   [0x0000000015880000, 0x0000000016880000)

Polling page: 0x0000000003240000

CodeCache: size=245760Kb used=9653Kb max_used=9653Kb free=236106Kb
 bounds [0x0000000004d50000, 0x00000000056d0000, 0x0000000013d50000]
 total_blobs=2561 nmethods=2288 adapters=185
 compilation: enabled

Compilation events (10 events):
Event: 5.422 Thread 0x0000000017429000 2374       2       com.android.dx.rop.cst.CstLiteral32::compareTo0 (30 bytes)
Event: 5.422 Thread 0x0000000017429000 nmethod 2374 0x000000000569cf50 code [0x000000000569d0a0, 0x000000000569d270]
Event: 5.476 Thread 0x0000000017429000 2375       1       java.io.File::getPath (5 bytes)
Event: 5.476 Thread 0x0000000017429000 nmethod 2375 0x00000000056c1ad0 code [0x00000000056c1c20, 0x00000000056c1d30]
Event: 5.487 Thread 0x0000000017429000 2376       3       com.android.dx.dex.file.AnnotationUtils::makeSignature (251 bytes)
Event: 5.489 Thread 0x0000000017429000 nmethod 2376 0x00000000056c7090 code [0x00000000056c7500, 0x00000000056c9fa8]
Event: 5.491 Thread 0x0000000017429000 2377 %     3       java.util.HashMap$TreeNode::find @ 3 (172 bytes)
Event: 5.492 Thread 0x0000000017429000 nmethod 2377% 0x00000000056c0990 code [0x00000000056c0b80, 0x00000000056c1738]
Event: 5.506 Thread 0x0000000017429000 2379       2       com.android.dx.cf.code.ByteCatchList$Item::<init> (69 bytes)
Event: 5.506 Thread 0x0000000017429000 nmethod 2379 0x00000000056c02d0 code [0x00000000056c0460, 0x00000000056c07c8]

GC Heap History (10 events):
Event: 3.708 GC heap after
Heap after GC invocations=5 (full 0):
 PSYoungGen      total 71680K, used 5090K [0x00000000eab00000, 0x00000000f4d00000, 0x0000000100000000)
  eden space 66560K, 0% used [0x00000000eab00000,0x00000000eab00000,0x00000000eec00000)
  from space 5120K, 99% used [0x00000000eec00000,0x00000000ef0f8bb0,0x00000000ef100000)
  to   space 16384K, 0% used [0x00000000f3d00000,0x00000000f3d00000,0x00000000f4d00000)
 ParOldGen       total 87552K, used 23310K [0x00000000c0000000, 0x00000000c5580000, 0x00000000eab00000)
  object space 87552K, 26% used [0x00000000c0000000,0x00000000c16c3888,0x00000000c5580000)
 Metaspace       used 6692K, capacity 7320K, committed 7680K, reserved 1056768K
  class space    used 648K, capacity 656K, committed 768K, reserved 1048576K
}
Event: 3.916 GC heap before
{Heap before GC invocations=6 (full 0):
 PSYoungGen      total 71680K, used 71650K [0x00000000eab00000, 0x00000000f4d00000, 0x0000000100000000)
  eden space 66560K, 100% used [0x00000000eab00000,0x00000000eec00000,0x00000000eec00000)
  from space 5120K, 99% used [0x00000000eec00000,0x00000000ef0f8bb0,0x00000000ef100000)
  to   space 16384K, 0% used [0x00000000f3d00000,0x00000000f3d00000,0x00000000f4d00000)
 ParOldGen       total 87552K, used 23310K [0x00000000c0000000, 0x00000000c5580000, 0x00000000eab00000)
  object space 87552K, 26% used [0x00000000c0000000,0x00000000c16c3888,0x00000000c5580000)
 Metaspace       used 6720K, capacity 7320K, committed 7680K, reserved 1056768K
  class space    used 648K, capacity 656K, committed 768K, reserved 1048576K
Event: 3.941 GC heap after
Heap after GC invocations=6 (full 0):
 PSYoungGen      total 147456K, used 14877K [0x00000000eab00000, 0x00000000f5100000, 0x0000000100000000)
  eden space 131072K, 0% used [0x00000000eab00000,0x00000000eab00000,0x00000000f2b00000)
  from space 16384K, 90% used [0x00000000f3d00000,0x00000000f4b87510,0x00000000f4d00000)
  to   space 18432K, 0% used [0x00000000f2b00000,0x00000000f2b00000,0x00000000f3d00000)
 ParOldGen       total 87552K, used 23310K [0x00000000c0000000, 0x00000000c5580000, 0x00000000eab00000)
  object space 87552K, 26% used [0x00000000c0000000,0x00000000c16c3888,0x00000000c5580000)
 Metaspace       used 6720K, capacity 7320K, committed 7680K, reserved 1056768K
  class space    used 648K, capacity 656K, committed 768K, reserved 1048576K
}
Event: 4.366 GC heap before
{Heap before GC invocations=7 (full 0):
 PSYoungGen      total 147456K, used 145949K [0x00000000eab00000, 0x00000000f5100000, 0x0000000100000000)
  eden space 131072K, 100% used [0x00000000eab00000,0x00000000f2b00000,0x00000000f2b00000)
  from space 16384K, 90% used [0x00000000f3d00000,0x00000000f4b87510,0x00000000f4d00000)
  to   space 18432K, 0% used [0x00000000f2b00000,0x00000000f2b00000,0x00000000f3d00000)
 ParOldGen       total 87552K, used 23310K [0x00000000c0000000, 0x00000000c5580000, 0x00000000eab00000)
  object space 87552K, 26% used [0x00000000c0000000,0x00000000c16c3888,0x00000000c5580000)
 Metaspace       used 6800K, capacity 7384K, committed 7680K, reserved 1056768K
  class space    used 648K, capacity 656K, committed 768K, reserved 1048576K
Event: 4.400 GC heap after
Heap after GC invocations=7 (full 0):
 PSYoungGen      total 149504K, used 18421K [0x00000000eab00000, 0x00000000fe200000, 0x0000000100000000)
  eden space 131072K, 0% used [0x00000000eab00000,0x00000000eab00000,0x00000000f2b00000)
  from space 18432K, 99% used [0x00000000f2b00000,0x00000000f3cfd588,0x00000000f3d00000)
  to   space 28160K, 0% used [0x00000000fc680000,0x00000000fc680000,0x00000000fe200000)
 ParOldGen       total 87552K, used 37168K [0x00000000c0000000, 0x00000000c5580000, 0x00000000eab00000)
  object space 87552K, 42% used [0x00000000c0000000,0x00000000c244c378,0x00000000c5580000)
 Metaspace       used 6800K, capacity 7384K, committed 7680K, reserved 1056768K
  class space    used 648K, capacity 656K, committed 768K, reserved 1048576K
}
Event: 4.706 GC heap before
{Heap before GC invocations=8 (full 0):
 PSYoungGen      total 149504K, used 149493K [0x00000000eab00000, 0x00000000fe200000, 0x0000000100000000)
  eden space 131072K, 100% used [0x00000000eab00000,0x00000000f2b00000,0x00000000f2b00000)
  from space 18432K, 99% used [0x00000000f2b00000,0x00000000f3cfd588,0x00000000f3d00000)
  to   space 28160K, 0% used [0x00000000fc680000,0x00000000fc680000,0x00000000fe200000)
 ParOldGen       total 87552K, used 37168K [0x00000000c0000000, 0x00000000c5580000, 0x00000000eab00000)
  object space 87552K, 42% used [0x00000000c0000000,0x00000000c244c378,0x00000000c5580000)
 Metaspace       used 6812K, capacity 7384K, committed 7680K, reserved 1056768K
  class space    used 648K, capacity 656K, committed 768K, reserved 1048576K
Event: 4.751 GC heap after
Heap after GC invocations=8 (full 0):
 PSYoungGen      total 282112K, used 28159K [0x00000000eab00000, 0x00000000ff200000, 0x0000000100000000)
  eden space 253952K, 0% used [0x00000000eab00000,0x00000000eab00000,0x00000000fa300000)
  from space 28160K, 99% used [0x00000000fc680000,0x00000000fe1ffd08,0x00000000fe200000)
  to   space 36352K, 0% used [0x00000000fa300000,0x00000000fa300000,0x00000000fc680000)
 ParOldGen       total 87552K, used 45803K [0x00000000c0000000, 0x00000000c5580000, 0x00000000eab00000)
  object space 87552K, 52% used [0x00000000c0000000,0x00000000c2cbacb0,0x00000000c5580000)
 Metaspace       used 6812K, capacity 7384K, committed 7680K, reserved 1056768K
  class space    used 648K, capacity 656K, committed 768K, reserved 1048576K
}
Event: 5.509 GC heap before
{Heap before GC invocations=9 (full 0):
 PSYoungGen      total 282112K, used 282111K [0x00000000eab00000, 0x00000000ff200000, 0x0000000100000000)
  eden space 253952K, 100% used [0x00000000eab00000,0x00000000fa300000,0x00000000fa300000)
  from space 28160K, 99% used [0x00000000fc680000,0x00000000fe1ffd08,0x00000000fe200000)
  to   space 36352K, 0% used [0x00000000fa300000,0x00000000fa300000,0x00000000fc680000)
 ParOldGen       total 87552K, used 45803K [0x00000000c0000000, 0x00000000c5580000, 0x00000000eab00000)
  object space 87552K, 52% used [0x00000000c0000000,0x00000000c2cbacb0,0x00000000c5580000)
 Metaspace       used 6818K, capacity 7384K, committed 7680K, reserved 1056768K
  class space    used 648K, capacity 656K, committed 768K, reserved 1048576K
Event: 5.592 GC heap after
Heap after GC invocations=9 (full 0):
 PSYoungGen      total 290304K, used 36322K [0x00000000eab00000, 0x0000000100000000, 0x0000000100000000)
  eden space 253952K, 0% used [0x00000000eab00000,0x00000000eab00000,0x00000000fa300000)
  from space 36352K, 99% used [0x00000000fa300000,0x00000000fc678b80,0x00000000fc680000)
  to   space 53248K, 0% used [0x00000000fcc00000,0x00000000fcc00000,0x0000000100000000)
 ParOldGen       total 87552K, used 72318K [0x00000000c0000000, 0x00000000c5580000, 0x00000000eab00000)
  object space 87552K, 82% used [0x00000000c0000000,0x00000000c469f848,0x00000000c5580000)
 Metaspace       used 6818K, capacity 7384K, committed 7680K, reserved 1056768K
  class space    used 648K, capacity 656K, committed 768K, reserved 1048576K
}
Event: 5.592 GC heap before
{Heap before GC invocations=10 (full 1):
 PSYoungGen      total 290304K, used 36322K [0x00000000eab00000, 0x0000000100000000, 0x0000000100000000)
  eden space 253952K, 0% used [0x00000000eab00000,0x00000000eab00000,0x00000000fa300000)
  from space 36352K, 99% used [0x00000000fa300000,0x00000000fc678b80,0x00000000fc680000)
  to   space 53248K, 0% used [0x00000000fcc00000,0x00000000fcc00000,0x0000000100000000)
 ParOldGen       total 87552K, used 72318K [0x00000000c0000000, 0x00000000c5580000, 0x00000000eab00000)
  object space 87552K, 82% used [0x00000000c0000000,0x00000000c469f848,0x00000000c5580000)
 Metaspace       used 6818K, capacity 7384K, committed 7680K, reserved 1056768K
  class space    used 648K, capacity 656K, committed 768K, reserved 1048576K

Deoptimization events (10 events):
Event: 3.768 Thread 0x00000000190e5000 Uncommon trap: reason=bimorphic action=maybe_recompile pc=0x0000000005468310 method=com.android.dx.ssa.SCCP.setLatticeValueTo(IILcom/android/dx/rop/cst/Constant;)Z @ 43
Event: 3.768 Thread 0x00000000190e5000 Uncommon trap: reason=bimorphic action=maybe_recompile pc=0x0000000005468310 method=com.android.dx.ssa.SCCP.setLatticeValueTo(IILcom/android/dx/rop/cst/Constant;)Z @ 43
Event: 3.768 Thread 0x00000000190e5000 Uncommon trap: reason=bimorphic action=maybe_recompile pc=0x0000000005468310 method=com.android.dx.ssa.SCCP.setLatticeValueTo(IILcom/android/dx/rop/cst/Constant;)Z @ 43
Event: 3.841 Thread 0x00000000190e5000 Uncommon trap: reason=unstable_if action=reinterpret pc=0x000000000548be80 method=com.android.dx.ssa.LocalVariableExtractor.processBlock(I)V @ 251
Event: 3.855 Thread 0x00000000190e5000 Uncommon trap: reason=unstable_if action=reinterpret pc=0x00000000051cbbbc method=java.util.HashMap.putVal(ILjava/lang/Object;Ljava/lang/Object;ZZ)Ljava/lang/Object; @ 109
Event: 3.869 Thread 0x0000000004bc3000 Uncommon trap: reason=unstable_if action=reinterpret pc=0x000000000546e598 method=java.util.HashMap.resize()[Ljava/util/HashMap$Node; @ 206
Event: 4.327 Thread 0x0000000004bc3000 Uncommon trap: reason=unstable_if action=reinterpret pc=0x0000000005563830 method=com.android.dx.rop.code.LocalItem.compareHandlesNulls(Lcom/android/dx/rop/cst/CstString;Lcom/android/dx/rop/cst/CstString;)I @ 14
Event: 4.327 Thread 0x0000000004bc3000 Uncommon trap: reason=unstable_if action=reinterpret pc=0x00000000054c5938 method=com.android.dx.rop.code.LocalItem.compareHandlesNulls(Lcom/android/dx/rop/cst/CstString;Lcom/android/dx/rop/cst/CstString;)I @ 14
Event: 4.327 Thread 0x0000000004bc3000 Uncommon trap: reason=unstable_if action=reinterpret pc=0x00000000054baaa0 method=com.android.dx.rop.code.LocalItem.compareHandlesNulls(Lcom/android/dx/rop/cst/CstString;Lcom/android/dx/rop/cst/CstString;)I @ 8
Event: 5.387 Thread 0x0000000004bc3000 Uncommon trap: reason=class_check action=maybe_recompile pc=0x00000000055900a8 method=com.android.dx.cf.code.RopperMachine.run(Lcom/android/dx/cf/code/Frame;II)V @ 1051

Classes redefined (0 events):
No events

Internal exceptions (9 events):
Event: 0.030 Thread 0x0000000004bc3000 Exception <a 'java/lang/NoSuchMethodError': Method sun.misc.Unsafe.defineClass(Ljava/lang/String;[BII)Ljava/lang/Class; name or signature does not match> (0x00000000eab07ca8) thrown at [C:\re\workspace\8-2-build-windows-amd64-cygwin\jdk8u152\9742\hotspot\
Event: 0.030 Thread 0x0000000004bc3000 Exception <a 'java/lang/NoSuchMethodError': Method sun.misc.Unsafe.prefetchRead(Ljava/lang/Object;J)V name or signature does not match> (0x00000000eab07f90) thrown at [C:\re\workspace\8-2-build-windows-amd64-cygwin\jdk8u152\9742\hotspot\src\share\vm\prims
Event: 2.849 Thread 0x0000000004bc3000 Implicit null exception at 0x00000000050622a2 to 0x0000000005062392
Event: 3.672 Thread 0x00000000190e5000 Exception <a 'java/lang/ArrayIndexOutOfBoundsException': 18> (0x00000000eeadc750) thrown at [C:\re\workspace\8-2-build-windows-amd64-cygwin\jdk8u152\9742\hotspot\src\share\vm\interpreter\interpreterRuntime.cpp, line 366]
Event: 3.672 Thread 0x00000000190e5000 Exception <a 'java/lang/ArrayIndexOutOfBoundsException': 145> (0x00000000eeade2d0) thrown at [C:\re\workspace\8-2-build-windows-amd64-cygwin\jdk8u152\9742\hotspot\src\share\vm\interpreter\interpreterRuntime.cpp, line 366]
Event: 3.682 Thread 0x00000000190e5000 Exception <a 'java/lang/ArrayIndexOutOfBoundsException'> (0x00000000eeadf5b8) thrown at [C:\re\workspace\8-2-build-windows-amd64-cygwin\jdk8u152\9742\hotspot\src\share\vm\runtime\sharedRuntime.cpp, line 605]
Event: 4.327 Thread 0x0000000004bc3000 Implicit null exception at 0x0000000005563518 to 0x0000000005563805
Event: 4.327 Thread 0x0000000004bc3000 Implicit null exception at 0x00000000054c431f to 0x00000000054c590d
Event: 4.327 Thread 0x0000000004bc3000 Implicit null exception at 0x00000000054b9163 to 0x00000000054baa71

Events (10 events):
Event: 4.752 Executing VM operation: RevokeBias
Event: 4.752 Executing VM operation: RevokeBias done
Event: 4.959 Thread 0x0000000004bc3000 DEOPT PACKING pc=0x00000000052ee281 sp=0x0000000004b3e170
Event: 4.959 Thread 0x0000000004bc3000 DEOPT UNPACKING pc=0x0000000004d9787f sp=0x0000000004b3dee0 mode 0
Event: 5.387 Thread 0x0000000004bc3000 Uncommon trap: trap_request=0xffffffde fr.pc=0x00000000055900a8
Event: 5.387 Thread 0x0000000004bc3000 DEOPT PACKING pc=0x00000000055900a8 sp=0x0000000004b3d9b0
Event: 5.387 Thread 0x0000000004bc3000 DEOPT UNPACKING pc=0x0000000004d9582a sp=0x0000000004b3d948 mode 2
Event: 5.489 Thread 0x0000000004bc3000 DEOPT PACKING pc=0x0000000005442942 sp=0x0000000004b3e210
Event: 5.489 Thread 0x0000000004bc3000 DEOPT UNPACKING pc=0x0000000004d9787f sp=0x0000000004b3e050 mode 0
Event: 5.509 Executing VM operation: ParallelGCFailedAllocation


Dynamic libraries:
0x00007ff706d70000 - 0x00007ff706da7000 	C:\Program Files\Java\jdk1.8.0_152\bin\java.exe
0x00007ffa50fa0000 - 0x00007ffa51180000 	C:\WINDOWS\SYSTEM32\ntdll.dll
0x00007ffa4f680000 - 0x00007ffa4f72e000 	C:\WINDOWS\System32\KERNEL32.DLL
0x00007ffa4e200000 - 0x00007ffa4e466000 	C:\WINDOWS\System32\KERNELBASE.dll
0x00007ffa4e860000 - 0x00007ffa4e901000 	C:\WINDOWS\System32\ADVAPI32.dll
0x00007ffa4e9f0000 - 0x00007ffa4ea8d000 	C:\WINDOWS\System32\msvcrt.dll
0x00007ffa4f620000 - 0x00007ffa4f67b000 	C:\WINDOWS\System32\sechost.dll
0x00007ffa4ea90000 - 0x00007ffa4ebaf000 	C:\WINDOWS\System32\RPCRT4.dll
0x00007ffa4e470000 - 0x00007ffa4e5ff000 	C:\WINDOWS\System32\USER32.dll
0x00007ffa4dd60000 - 0x00007ffa4dd80000 	C:\WINDOWS\System32\win32u.dll
0x00007ffa4f5f0000 - 0x00007ffa4f618000 	C:\WINDOWS\System32\GDI32.dll
0x00007ffa4de30000 - 0x00007ffa4dfc3000 	C:\WINDOWS\System32\gdi32full.dll
0x00007ffa4dcc0000 - 0x00007ffa4dd5b000 	C:\WINDOWS\System32\msvcp_win.dll
0x00007ffa4dbc0000 - 0x00007ffa4dcb6000 	C:\WINDOWS\System32\ucrtbase.dll
0x00007ffa3b450000 - 0x00007ffa3b6b9000 	C:\WINDOWS\WinSxS\amd64_microsoft.windows.common-controls_6595b64144ccf1df_6.0.16299.192_none_15c8cdae9364c23b\COMCTL32.dll
0x00007ffa4ee80000 - 0x00007ffa4f188000 	C:\WINDOWS\System32\combase.dll
0x00007ffa4d3a0000 - 0x00007ffa4d412000 	C:\WINDOWS\System32\bcryptPrimitives.dll
0x00007ffa4f860000 - 0x00007ffa4f88d000 	C:\WINDOWS\System32\IMM32.DLL
0x000000005bd00000 - 0x000000005bdd2000 	C:\Program Files\Java\jdk1.8.0_152\jre\bin\msvcr100.dll
0x000000005aa30000 - 0x000000005b2d0000 	C:\Program Files\Java\jdk1.8.0_152\jre\bin\server\jvm.dll
0x00007ffa4f190000 - 0x00007ffa4f198000 	C:\WINDOWS\System32\PSAPI.DLL
0x00007ffa434f0000 - 0x00007ffa434f9000 	C:\WINDOWS\SYSTEM32\WSOCK32.dll
0x00007ffa4ae40000 - 0x00007ffa4ae63000 	C:\WINDOWS\SYSTEM32\WINMM.dll
0x00007ffa47580000 - 0x00007ffa4758a000 	C:\WINDOWS\SYSTEM32\VERSION.dll
0x00007ffa4e920000 - 0x00007ffa4e98c000 	C:\WINDOWS\System32\WS2_32.dll
0x00007ffa4ae10000 - 0x00007ffa4ae3a000 	C:\WINDOWS\SYSTEM32\WINMMBASE.dll
0x00007ffa4db70000 - 0x00007ffa4dbba000 	C:\WINDOWS\System32\cfgmgr32.dll
0x000000005aa20000 - 0x000000005aa2f000 	C:\Program Files\Java\jdk1.8.0_152\jre\bin\verify.dll
0x000000005a9f0000 - 0x000000005aa19000 	C:\Program Files\Java\jdk1.8.0_152\jre\bin\java.dll
0x000000005a9d0000 - 0x000000005a9e6000 	C:\Program Files\Java\jdk1.8.0_152\jre\bin\zip.dll
0x00007ffa4f910000 - 0x00007ffa50d46000 	C:\WINDOWS\System32\SHELL32.dll
0x00007ffa50d50000 - 0x00007ffa50df6000 	C:\WINDOWS\System32\shcore.dll
0x00007ffa4d420000 - 0x00007ffa4db67000 	C:\WINDOWS\System32\windows.storage.dll
0x00007ffa4ecc0000 - 0x00007ffa4ed11000 	C:\WINDOWS\System32\shlwapi.dll
0x00007ffa4d360000 - 0x00007ffa4d371000 	C:\WINDOWS\System32\kernel.appcore.dll
0x00007ffa4d310000 - 0x00007ffa4d35c000 	C:\WINDOWS\System32\powrprof.dll
0x00007ffa4d2f0000 - 0x00007ffa4d30b000 	C:\WINDOWS\System32\profapi.dll
0x00007ffa420a0000 - 0x00007ffa42268000 	C:\WINDOWS\SYSTEM32\dbghelp.dll

VM Arguments:
jvm_args: -Xmx1G 
java_command: C:\Program Files (x86)\Android\android-sdk\build-tools\27.0.2\\lib\dx.jar --dex --no-strict --multi-dex --main-dex-list=obj\Debug\multidex.keep --output obj\Debug\android\bin E:\ProjetosSSAT\Family\Droid\obj\Debug\android\bin\classes.zip C:\Program Files (x86)\Microsoft Visual Studio\2017\Enterprise\Common7\IDE\ReferenceAssemblies\Microsoft\Framework\MonoAndroid\v8.0\mono.android.jar C:\Program Files (x86)\Microsoft Visual Studio\2017\Enterprise\MSBuild\Xamarin\Android\android-support-multidex.jar obj\Debug\lp\11\jl\bin\classes.jar obj\Debug\lp\18\jl\arch-core-common.jar obj\Debug\lp\19\jl\arch-lifecycle-common.jar obj\Debug\lp\20\jl\bin\classes.jar obj\Debug\lp\21\jl\bin\classes.jar obj\Debug\lp\23\jl\bin\classes.jar obj\Debug\lp\24\jl\bin\classes.jar obj\Debug\lp\25\jl\bin\classes.jar obj\Debug\lp\26\jl\bin\classes.jar obj\Debug\lp\27\jl\bin\classes.jar obj\Debug\lp\28\jl\bin\classes.jar obj\Debug\lp\29\jl\bin\classes.jar obj\Debug\lp\3\jl\formsviewgroup.jar obj\Debug\lp\30\jl\bin\classes.jar obj\Debug\lp\31\jl\bin\classes.jar obj\Debug\lp\32\jl\bin\classes.jar obj\Debug\lp\33\jl\bin\classes.jar obj\Debug\lp\34\jl\bin\classes.jar obj\Debug\lp\35\jl\bin\classes.jar obj\Debug\lp\36\jl\bin\classes.jar obj\Debug\lp\4\jl\bin\classes.jar obj\Debug\lp\43\jl\classes.jar obj\Debug\lp\44\jl\classes.jar obj\Debug\lp\45\jl\classes.jar obj\Debug\lp\46\jl\classes.jar obj\Debug\lp\47\jl\classes.jar obj\Debug\lp\48\jl\classes.jar obj\Debug\lp\6\jl\bin\classes.jar obj\Debug\lp\7\jl\bin\classes.jar
java_class_path (initial): C:\Program Files (x86)\Android\android-sdk\build-tools\27.0.2\\lib\dx.jar
Launcher Type: SUN_STANDARD

Environment Variables:
PATH=C:\Program Files\Java\jdk1.8.0_152\bin;C:\WINDOWS\system32;C:\WINDOWS;C:\WINDOWS\System32\Wbem;C:\WINDOWS\System32\WindowsPowerShell\v1.0\;C:\Program Files (x86)\ATI Technologies\ATI.ACE\Core-Static;C:\Program Files\Microsoft SQL Server\120\Tools\Binn\;C:\Program Files\Microsoft SQL Server\130\Tools\Binn\;C:\Program Files (x86)\nodejs\;C:\Program Files (x86)\Skype\Phone\;C:\Program Files (x86)\dotnet\;C:\Program Files\Microsoft DNX\Dnvm\;C:\Program Files\dotnet\;C:\Program Files (x86)\Calibre2\;C:\Program Files (x86)\Microsoft SQL Server\Client SDK\ODBC\130\Tools\Binn\;C:\Program Files (x86)\Microsoft SQL Server\140\Tools\Binn\;C:\Program Files (x86)\Microsoft SQL Server\140\DTS\Binn\;C:\Program Files (x86)\Microsoft SQL Server\140\Tools\Binn\ManagementStudio\;C:\Program Files\Git\cmd;C:\Users\Alexandre.Gois\AppData\Local\Microsoft\WindowsApps
USERNAME=Alexandre.Gois
OS=Windows_NT
PROCESSOR_IDENTIFIER=Intel64 Family 6 Model 58 Stepping 9, GenuineIntel



---------------  S Y S T E M  ---------------

OS: Windows 10.0 , 64 bit Build 16299 (10.0.16299.15)

CPU:total 4 (initial active 4) (4 cores per cpu, 1 threads per core) family 6 model 58 stepping 9, cmov, cx8, fxsr, mmx, sse, sse2, sse3, ssse3, sse4.1, sse4.2, popcnt, avx, aes, clmul, erms, tsc, tscinvbit, tscinv

Memory: 4k page, physical 8333444k(1865128k free), swap 15673476k(5805804k free)

vm_info: Java HotSpot(TM) 64-Bit Server VM (25.152-b16) for windows-amd64 JRE (1.8.0_152-b16), built on Sep 14 2017 02:29:36 by "java_re" with MS VC++ 10.0 (VS2010)

time: Wed Mar 14 13:52:07 2018
elapsed time: 5 seconds (0d 0h 0m 5s)

